#
# There is insufficient memory for the Java Runtime Environment to continue.
# Native memory allocation (malloc) failed to allocate 1048576 bytes for AllocateHeap
# Possible reasons:
#   The system is out of physical RAM or swap space
#   In 32 bit mode, the process size limit was hit
# Possible solutions:
#   Reduce memory load on the system
#   Increase physical memory or swap space
#   Check if swap backing store is full
#   Use 64 bit Java on a 64 bit OS
#   Decrease Java heap size (-Xmx/-Xms)
#   Decrease number of Java threads
#   Decrease Java thread stack sizes (-Xss)
#   Set larger code cache with -XX:ReservedCodeCacheSize=
# This output file may be truncated or incomplete.
#
#  Out of Memory Error (memory/allocation.inline.hpp:61), pid=7444, tid=8716
#
# JRE version:  (7.0_40-b43) (build )
# Java VM: Java HotSpot(TM) 64-Bit Server VM (24.0-b56 mixed mode windows-amd64 compressed oops)
# Failed to write core dump. Minidumps are not enabled by default on client versions of Windows
#

---------------  T H R E A D  ---------------

Current thread (0x0000000002b30800):  JavaThread "Unknown thread" [_thread_in_vm, id=8716, stack(0x0000000002a30000,0x0000000002b30000)]

Stack: [0x0000000002a30000,0x0000000002b30000]

---------------  P R O C E S S  ---------------

Java Threads: ( => current thread )

Other Threads:

=>0x0000000002b30800 (exited) JavaThread "Unknown thread" [_thread_in_vm, id=8716, stack(0x0000000002a30000,0x0000000002b30000)]

VM state:not at safepoint (normal execution)

VM Mutex/Monitor currently owned by a thread: None

Heap
 PSYoungGen      total 43008K, used 747K [0x00000007d0c80000, 0x00000007d3c00000, 0x0000000800000000)
  eden space 37376K, 2% used [0x00000007d0c80000,0x00000007d0d3ae80,0x00000007d3100000)
  from space 5632K, 0% used [0x00000007d3680000,0x00000007d3680000,0x00000007d3c00000)
  to   space 5632K, 0% used [0x00000007d3100000,0x00000007d3100000,0x00000007d3680000)
 ParOldGen       total 96256K, used 0K [0x0000000772600000, 0x0000000778400000, 0x00000007d0c80000)
  object space 96256K, 0% used [0x0000000772600000,0x0000000772600000,0x0000000778400000)
 PSPermGen       total 21504K, used 672K [0x000000076d400000, 0x000000076e900000, 0x0000000772600000)
  object space 21504K, 3% used [0x000000076d400000,0x000000076d4a80b0,0x000000076e900000)

Card table byte_map: [0x0000000005c30000,0x00000000060d0000] byte_map_base: 0x00000000020c6000

Polling page: 0x00000000025c0000

Code Cache  [0x0000000002c30000, 0x0000000002ea0000, 0x0000000005c30000)
 total_blobs=38 nmethods=0 adapters=20 free_code_cache=48889Kb largest_free_block=50062528

Compilation events (0 events):
No events

GC Heap History (0 events):
No events

Deoptimization events (0 events):
No events

Internal exceptions (0 events):
No events

Events (10 events):
Event: 0.025 loading class 0x0000000002b75160
Event: 0.025 loading class 0x0000000002b75160 done
Event: 0.025 loading class 0x0000000002b751b0
Event: 0.025 loading class 0x0000000002b751b0 done
Event: 0.025 loading class 0x0000000002b75200
Event: 0.025 loading class 0x0000000002b75200 done
Event: 0.032 loading class 0x0000000002b75f60
Event: 0.032 loading class 0x0000000002b75f60 done
Event: 0.032 loading class 0x0000000002b75b80
Event: 0.032 loading class 0x0000000002b75b80 done


Dynamic libraries:
0x00007ff67a890000 - 0x00007ff67a8c3000 	D:\Java\jdk1.7.0_40\bin\java.exe
0x00007ffa74f50000 - 0x00007ffa750fa000 	C:\WINDOWS\SYSTEM32\ntdll.dll
0x00007ffa727d0000 - 0x00007ffa7290a000 	C:\WINDOWS\system32\KERNEL32.DLL
0x00007ffa72570000 - 0x00007ffa7267f000 	C:\WINDOWS\system32\KERNELBASE.dll
0x00007ffa70ec0000 - 0x00007ffa70f48000 	C:\WINDOWS\system32\apphelp.dll
0x00007ffa6e9e0000 - 0x00007ffa6ea2f000 	C:\WINDOWS\AppPatch\AppPatch64\AcGenral.DLL
0x00007ffa72910000 - 0x00007ffa729b7000 	C:\WINDOWS\system32\msvcrt.dll
0x00007ffa71f30000 - 0x00007ffa71f5b000 	C:\WINDOWS\SYSTEM32\SspiCli.dll
0x00007ffa72c50000 - 0x00007ffa72ca1000 	C:\WINDOWS\system32\SHLWAPI.dll
0x00007ffa72cb0000 - 0x00007ffa72e21000 	C:\WINDOWS\system32\USER32.dll
0x00007ffa73160000 - 0x00007ffa732d8000 	C:\WINDOWS\system32\ole32.dll
0x00007ffa738a0000 - 0x00007ffa74cc0000 	C:\WINDOWS\system32\SHELL32.dll
0x00007ffa71770000 - 0x00007ffa7178e000 	C:\WINDOWS\SYSTEM32\USERENV.dll
0x00007ffa733b0000 - 0x00007ffa73455000 	C:\WINDOWS\system32\ADVAPI32.dll
0x00007ffa665e0000 - 0x00007ffa665fb000 	C:\WINDOWS\SYSTEM32\MPR.dll
0x00007ffa73700000 - 0x00007ffa73837000 	C:\WINDOWS\system32\RPCRT4.dll
0x00007ffa73840000 - 0x00007ffa73897000 	C:\WINDOWS\SYSTEM32\sechost.dll
0x00007ffa74d70000 - 0x00007ffa74f46000 	C:\WINDOWS\SYSTEM32\combase.dll
0x00007ffa72b00000 - 0x00007ffa72c44000 	C:\WINDOWS\system32\GDI32.dll
0x00007ffa722c0000 - 0x00007ffa722d4000 	C:\WINDOWS\SYSTEM32\profapi.dll
0x00007ffa708f0000 - 0x00007ffa7098f000 	C:\WINDOWS\SYSTEM32\SHCORE.dll
0x00007ffa732f0000 - 0x00007ffa73324000 	C:\WINDOWS\system32\IMM32.DLL
0x00007ffa729c0000 - 0x00007ffa72af9000 	C:\WINDOWS\system32\MSCTF.dll
0x00007ffa700f0000 - 0x00007ffa7034a000 	C:\WINDOWS\WinSxS\amd64_microsoft.windows.common-controls_6595b64144ccf1df_6.0.9600.17031_none_6242a4b3ecbb55a1\COMCTL32.dll
0x000000005d3a0000 - 0x000000005d471000 	D:\Java\jdk1.7.0_40\jre\bin\msvcr100.dll
0x000000005bea0000 - 0x000000005c669000 	D:\Java\jdk1.7.0_40\jre\bin\server\jvm.dll
0x00007ffa70e60000 - 0x00007ffa70e69000 	C:\WINDOWS\SYSTEM32\WSOCK32.dll
0x00007ffa6c9c0000 - 0x00007ffa6c9df000 	C:\WINDOWS\SYSTEM32\WINMM.dll
0x00007ffa73010000 - 0x00007ffa73017000 	C:\WINDOWS\system32\PSAPI.DLL
0x00007ffa73460000 - 0x00007ffa734b8000 	C:\WINDOWS\system32\WS2_32.dll
0x00007ffa6b470000 - 0x00007ffa6b49a000 	C:\WINDOWS\SYSTEM32\WINMMBASE.dll
0x00007ffa732e0000 - 0x00007ffa732e9000 	C:\WINDOWS\system32\NSI.dll
0x00007ffa72780000 - 0x00007ffa727ca000 	C:\WINDOWS\SYSTEM32\cfgmgr32.dll
0x00007ffa71120000 - 0x00007ffa71146000 	C:\WINDOWS\SYSTEM32\DEVOBJ.dll
0x000000005d000000 - 0x000000005d00f000 	D:\Java\jdk1.7.0_40\jre\bin\verify.dll
0x000000005cfd0000 - 0x000000005cff8000 	D:\Java\jdk1.7.0_40\jre\bin\java.dll
0x000000005cfb0000 - 0x000000005cfc5000 	D:\Java\jdk1.7.0_40\jre\bin\zip.dll

VM Arguments:
java_command: <unknown>
Launcher Type: SUN_STANDARD

Environment Variables:
JAVA_HOME=D:\Java\jdk1.7.0_40
CLASSPATH=.
PATH=D:\Python27\;C:\Program Files (x86)\Intel\iCLS Client\;C:\Program Files\Intel\iCLS Client\;C:\WINDOWS\system32;C:\WINDOWS;C:\WINDOWS\System32\Wbem;C:\WINDOWS\System32\WindowsPowerShell\v1.0\;C:\Program Files\Intel\Intel(R) Management Engine Components\DAL;C:\Program Files\Intel\Intel(R) Management Engine Components\IPT;C:\Program Files (x86)\Intel\Intel(R) Management Engine Components\DAL;C:\Program Files (x86)\Intel\Intel(R) Management Engine Components\IPT;C:\Program Files (x86)\Intel\OpenCL SDK\2.0\bin\x86;C:\Program Files (x86)\Intel\OpenCL SDK\2.0\bin\x64;C:\Program Files (x86)\ATI Technologies\ATI.ACE\Core-Static;C:\ProgramData\Lenovo\ReadyApps;D:\Java\jdk1.7.0_40\bin;C:\Program Files (x86)\Windows Kits\8.1\Windows Performance Toolkit\;C:\Program Files\Microsoft SQL Server\110\Tools\Binn\;D:\TortoiseSVN\bin;D:\maven\bin
USERNAME=Zachary
OS=Windows_NT
PROCESSOR_IDENTIFIER=Intel64 Family 6 Model 58 Stepping 9, GenuineIntel



---------------  S Y S T E M  ---------------

OS: Windows 8 , 64 bit Build 9200 

CPU:total 4 (2 cores per cpu, 2 threads per core) family 6 model 58 stepping 9, cmov, cx8, fxsr, mmx, sse, sse2, sse3, ssse3, sse4.1, sse4.2, popcnt, avx, aes, erms, ht, tsc, tscinvbit, tscinv

Memory: 4k page, physical 9277048k(1715824k free), swap 11374200k(5960k free)

vm_info: Java HotSpot(TM) 64-Bit Server VM (24.0-b56) for windows-amd64 JRE (1.7.0_40-b43), built on Aug 26 2013 22:38:32 by "java_re" with unknown MS VC++:1600

time: Sat Aug 23 13:58:49 2014
elapsed time: 0 seconds

